{
  "RSpec": {
    "coverage": {
      "C:/Users/grzes/Desktop/rails_film/filmbook/app/helpers/application_helper.rb": [
        1,
        1,
        34,
        34,
        2,
        null,
        32,
        null,
        null,
        null
      ],
      "C:/Users/grzes/Desktop/rails_film/filmbook/app/helpers/comments_helper.rb": [
        1,
        null
      ],
      "C:/Users/grzes/Desktop/rails_film/filmbook/app/helpers/films_helper.rb": [
        1,
        null
      ],
      "C:/Users/grzes/Desktop/rails_film/filmbook/app/helpers/home_helper.rb": [
        1,
        null
      ],
      "C:/Users/grzes/Desktop/rails_film/filmbook/app/helpers/sessions_helper.rb": [
        1,
        null,
        1,
        9,
        9,
        9,
        9,
        null,
        null,
        1,
        1,
        1,
        1,
        null,
        null,
        1,
        34,
        null,
        null,
        1,
        10,
        null,
        null,
        null,
        1,
        44,
        44,
        null,
        null
      ],
      "C:/Users/grzes/Desktop/rails_film/filmbook/app/helpers/users_helper.rb": [
        1,
        1,
        11,
        11,
        11,
        null,
        null
      ],
      "C:/Users/grzes/Desktop/rails_film/filmbook/app/models/user.rb": [
        1,
        28,
        1,
        null,
        1,
        1,
        1,
        1,
        1,
        null,
        null,
        1,
        27,
        null,
        null,
        1,
        71,
        null,
        null,
        1,
        null,
        1,
        17,
        null,
        null
      ],
      "C:/Users/grzes/Desktop/rails_film/filmbook/app/controllers/users_controller.rb": [
        1,
        1,
        7,
        null,
        null,
        1,
        11,
        null,
        null,
        1,
        5,
        5,
        4,
        4,
        4,
        null,
        1,
        null,
        null,
        null,
        1,
        null,
        1,
        5,
        null,
        null
      ],
      "C:/Users/grzes/Desktop/rails_film/filmbook/app/controllers/application_controller.rb": [
        1,
        null,
        null,
        1,
        1,
        null
      ],
      "C:/Users/grzes/Desktop/rails_film/filmbook/app/controllers/sessions_controller.rb": [
        1,
        1,
        null,
        null,
        1,
        8,
        8,
        5,
        5,
        null,
        3,
        3,
        null,
        null,
        null,
        1,
        1,
        1,
        null,
        null
      ],
      "C:/Users/grzes/Desktop/rails_film/filmbook/app/controllers/films_controller.rb": [
        1,
        1,
        1,
        null,
        null,
        null,
        1,
        2,
        null,
        null,
        null,
        null,
        1,
        null,
        null,
        null,
        1,
        0,
        null,
        null,
        null,
        1,
        null,
        null,
        null,
        null,
        1,
        0,
        null,
        0,
        0,
        0,
        0,
        null,
        0,
        0,
        null,
        null,
        null,
        null,
        null,
        null,
        1,
        0,
        0,
        0,
        0,
        null,
        0,
        0,
        null,
        null,
        null,
        null,
        null,
        null,
        1,
        0,
        0,
        0,
        0,
        null,
        null,
        null,
        1,
        null,
        1,
        0,
        null,
        null,
        null,
        1,
        0,
        null,
        null
      ],
      "C:/Users/grzes/Desktop/rails_film/filmbook/app/models/film.rb": [
        1,
        1,
        1,
        null
      ]
    },
    "timestamp": 1403600239
  }
}
